<?xml version="1.0" encoding="UTF-8"?>
<!-- Generated by org.testng.reporters.JUnitReportReporter -->
<testsuite hostname="DESKTOP-FL71GMT" failures="0" tests="1" name="Academy.valNavBar" time="0.040" errors="0" timestamp="2022-02-01T22:21:27 IST" skipped="0">
  <testcase classname="Academy.valNavBar" name="basePageNavigation" time="0.040"/>
  <system-out/>
</testsuite> <!-- Academy.valNavBar -->
