<?xml version="1.0" encoding="UTF-8"?>
<!-- Generated by org.testng.reporters.JUnitReportReporter -->
<testsuite hostname="DESKTOP-FL71GMT" failures="0" tests="1" name="Academy.valNavBar" time="0.088" errors="0" timestamp="2022-02-05T19:14:56 IST" skipped="0">
  <testcase classname="Academy.valNavBar" name="pageNavigationVal" time="0.088"/>
  <system-out/>
</testsuite> <!-- Academy.valNavBar -->
