<?xml version="1.0" encoding="UTF-8"?>
<!-- Generated by org.testng.reporters.JUnitReportReporter -->
<testsuite hostname="DESKTOP-FL71GMT" failures="0" tests="1" name="Academy.valNavBar" time="0.084" errors="0" timestamp="2022-02-04T19:12:24 IST" skipped="0">
  <testcase classname="Academy.valNavBar" name="basePageNavigation" time="0.084"/>
  <system-out/>
</testsuite> <!-- Academy.valNavBar -->
