<?xml version="1.0" encoding="UTF-8"?>
<!-- Generated by org.testng.reporters.JUnitReportReporter -->
<testsuite hostname="DESKTOP-FL71GMT" failures="0" tests="2" name="Academy.homePage" time="2.869" errors="0" timestamp="2022-02-04T19:12:24 IST" skipped="0">
  <testcase classname="Academy.homePage" name="basePageNavigation" time="1.366"/>
  <system-out/>
  <testcase classname="Academy.homePage" name="basePageNavigation" time="1.503"/>
  <system-out/>
</testsuite> <!-- Academy.homePage -->
