<?xml version="1.0" encoding="UTF-8"?>
<!-- Generated by org.testng.reporters.JUnitReportReporter -->
<testsuite hostname="DESKTOP-FL71GMT" failures="0" tests="2" name="Academy.homePage" time="3.365" errors="0" timestamp="2022-02-05T19:14:56 IST" skipped="0">
  <testcase classname="Academy.homePage" name="basePageNavigation" time="1.949"/>
  <system-out/>
  <testcase classname="Academy.homePage" name="basePageNavigation" time="1.416"/>
  <system-out/>
</testsuite> <!-- Academy.homePage -->
